<?xml version="1.0" encoding="UTF-8"?>
<testng-results skipped="0" failed="0" ignored="0" total="3" passed="3">
  <reporter-output>
    <line>
      <![CDATA[The OrangeHRM website is Launched]]>
    </line>
    <line>
      <![CDATA[Window is Maximized]]>
    </line>
    <line>
      <![CDATA[The Page Title = OrangeHRM]]>
    </line>
    <line>
      <![CDATA[Logged in User Name = Welcome satish]]>
    </line>
    <line>
      <![CDATA[Browser is Getting closed]]>
    </line>
  </reporter-output>
  <suite name="Vijay Customized TestNG Suite" duration-ms="47596" started-at="2022-07-07T07:07:23Z" finished-at="2022-07-07T07:08:11Z">
    <groups>
    </groups>
    <test name="Quick Test Results" duration-ms="47596" started-at="2022-07-07T07:07:23Z" finished-at="2022-07-07T07:08:11Z">
      <class name="tests.LoginTest">
        <test-method status="PASS" signature="setOutputDirectory(org.testng.ITestContext)[pri:0, instance:tests.LoginTest@1a0dcaa]" name="setOutputDirectory" is-config="true" duration-ms="15" started-at="2022-07-07T07:07:23Z" finished-at="2022-07-07T07:07:23Z">
          <params>
            <param index="0">
              <value>
                <![CDATA[org.testng.TestRunner@24cdaf9e]]>
              </value>
            </param>
          </params>
          <reporter-output>
          </reporter-output>
        </test-method> <!-- setOutputDirectory -->
        <test-method status="PASS" signature="setUp()[pri:0, instance:tests.LoginTest@1a0dcaa]" name="setUp" is-config="true" duration-ms="21478" started-at="2022-07-07T07:07:23Z" finished-at="2022-07-07T07:07:45Z">
          <reporter-output>
            <line>
              <![CDATA[The OrangeHRM website is Launched]]>
            </line>
            <line>
              <![CDATA[Window is Maximized]]>
            </line>
          </reporter-output>
        </test-method> <!-- setUp -->
        <test-method status="PASS" signature="openAppTest()[pri:1, instance:tests.LoginTest@1a0dcaa]" name="openAppTest" duration-ms="443" started-at="2022-07-07T07:07:45Z" finished-at="2022-07-07T07:07:45Z">
          <reporter-output>
            <line>
              <![CDATA[The Page Title = OrangeHRM]]>
            </line>
          </reporter-output>
        </test-method> <!-- openAppTest -->
        <test-method status="PASS" signature="loginTest()[pri:2, instance:tests.LoginTest@1a0dcaa]" name="loginTest" duration-ms="9775" started-at="2022-07-07T07:07:45Z" finished-at="2022-07-07T07:07:55Z">
          <reporter-output>
            <line>
              <![CDATA[Logged in User Name = Welcome satish]]>
            </line>
          </reporter-output>
        </test-method> <!-- loginTest -->
        <test-method status="PASS" signature="logoutUserTest()[pri:3, instance:tests.LoginTest@1a0dcaa]" name="logoutUserTest" duration-ms="3209" started-at="2022-07-07T07:07:55Z" finished-at="2022-07-07T07:07:58Z">
          <reporter-output>
          </reporter-output>
        </test-method> <!-- logoutUserTest -->
        <test-method status="PASS" signature="tearDown()[pri:0, instance:tests.LoginTest@1a0dcaa]" name="tearDown" is-config="true" duration-ms="12291" started-at="2022-07-07T07:07:58Z" finished-at="2022-07-07T07:08:11Z">
          <reporter-output>
            <line>
              <![CDATA[Browser is Getting closed]]>
            </line>
          </reporter-output>
        </test-method> <!-- tearDown -->
      </class> <!-- tests.LoginTest -->
    </test> <!-- Quick Test Results -->
  </suite> <!-- Vijay Customized TestNG Suite -->
</testng-results>
