<?xml version="1.0" encoding="UTF-8"?>
<!-- Generated by org.testng.reporters.JUnitXMLReporter -->
<testsuite hostname="DESKTOP-C5FUFS1" ignored="0" name="Quick Test Results" tests="3" failures="0" timestamp="07 Jul 2022 07:08:11 GMT" time="47.596" errors="0">
  <testcase name="openAppTest" time="0.443" classname="tests.LoginTest"/>
  <testcase name="loginTest" time="9.775" classname="tests.LoginTest"/>
  <testcase name="logoutUserTest" time="3.209" classname="tests.LoginTest"/>
</testsuite> <!-- Quick Test Results -->
