<?xml version="1.0" encoding="UTF-8"?>
<testng-results skipped="0" failed="0" ignored="0" total="3" passed="3">
  <reporter-output>
    <line>
      <![CDATA[The OrangeHRM website is Launched]]>
    </line>
    <line>
      <![CDATA[Window is Maximized]]>
    </line>
    <line>
      <![CDATA[The Page Title = OrangeHRM]]>
    </line>
    <line>
      <![CDATA[Logged in User Name = Welcome Paul]]>
    </line>
    <line>
      <![CDATA[Browser is Getting closed]]>
    </line>
  </reporter-output>
  <suite name="Vijay Customized TestNG Suite" duration-ms="50719" started-at="2022-07-07T07:02:58Z" finished-at="2022-07-07T07:03:48Z">
    <groups>
    </groups>
    <test name="Quick Test Results" duration-ms="50719" started-at="2022-07-07T07:02:58Z" finished-at="2022-07-07T07:03:48Z">
      <class name="tests.LoginTest">
        <test-method status="PASS" signature="setOutputDirectory(org.testng.ITestContext)[pri:0, instance:tests.LoginTest@57c758ac]" name="setOutputDirectory" is-config="true" duration-ms="43" started-at="2022-07-07T07:02:58Z" finished-at="2022-07-07T07:02:58Z">
          <params>
            <param index="0">
              <value>
                <![CDATA[org.testng.TestRunner@72ff89fc]]>
              </value>
            </param>
          </params>
          <reporter-output>
          </reporter-output>
        </test-method> <!-- setOutputDirectory -->
        <test-method status="PASS" signature="setUp()[pri:0, instance:tests.LoginTest@57c758ac]" name="setUp" is-config="true" duration-ms="29231" started-at="2022-07-07T07:02:58Z" finished-at="2022-07-07T07:03:27Z">
          <reporter-output>
            <line>
              <![CDATA[The OrangeHRM website is Launched]]>
            </line>
            <line>
              <![CDATA[Window is Maximized]]>
            </line>
          </reporter-output>
        </test-method> <!-- setUp -->
        <test-method status="PASS" signature="openAppTest()[pri:1, instance:tests.LoginTest@57c758ac]" name="openAppTest" duration-ms="195" started-at="2022-07-07T07:03:27Z" finished-at="2022-07-07T07:03:27Z">
          <reporter-output>
            <line>
              <![CDATA[The Page Title = OrangeHRM]]>
            </line>
          </reporter-output>
        </test-method> <!-- openAppTest -->
        <test-method status="PASS" signature="loginTest()[pri:2, instance:tests.LoginTest@57c758ac]" name="loginTest" duration-ms="11995" started-at="2022-07-07T07:03:28Z" finished-at="2022-07-07T07:03:40Z">
          <reporter-output>
            <line>
              <![CDATA[Logged in User Name = Welcome Paul]]>
            </line>
          </reporter-output>
        </test-method> <!-- loginTest -->
        <test-method status="PASS" signature="logoutUserTest()[pri:3, instance:tests.LoginTest@57c758ac]" name="logoutUserTest" duration-ms="3335" started-at="2022-07-07T07:03:40Z" finished-at="2022-07-07T07:03:43Z">
          <reporter-output>
          </reporter-output>
        </test-method> <!-- logoutUserTest -->
        <test-method status="PASS" signature="tearDown()[pri:0, instance:tests.LoginTest@57c758ac]" name="tearDown" is-config="true" duration-ms="5498" started-at="2022-07-07T07:03:43Z" finished-at="2022-07-07T07:03:48Z">
          <reporter-output>
            <line>
              <![CDATA[Browser is Getting closed]]>
            </line>
          </reporter-output>
        </test-method> <!-- tearDown -->
      </class> <!-- tests.LoginTest -->
    </test> <!-- Quick Test Results -->
  </suite> <!-- Vijay Customized TestNG Suite -->
</testng-results>
